CRITICAL - 2021-03-22 04:47:52 --> The action you requested is not allowed.
#0 /var/www/CuaHangThucPham/system/Security/Security.php(233): CodeIgniter\Security\Exceptions\SecurityException::forDisallowedAction()
#1 /var/www/CuaHangThucPham/system/Filters/CSRF.php(88): CodeIgniter\Security\Security->CSRFVerify()
#2 /var/www/CuaHangThucPham/system/Filters/Filters.php(173): CodeIgniter\Filters\CSRF->before()
#3 /var/www/CuaHangThucPham/system/CodeIgniter.php(382): CodeIgniter\Filters\Filters->run()
#4 /var/www/CuaHangThucPham/system/CodeIgniter.php(312): CodeIgniter\CodeIgniter->handleRequest()
#5 /var/www/CuaHangThucPham/public/index.php(45): CodeIgniter\CodeIgniter->run()
#6 {main}
CRITICAL - 2021-03-22 04:48:07 --> The action you requested is not allowed.
#0 /var/www/CuaHangThucPham/system/Security/Security.php(233): CodeIgniter\Security\Exceptions\SecurityException::forDisallowedAction()
#1 /var/www/CuaHangThucPham/system/Filters/CSRF.php(88): CodeIgniter\Security\Security->CSRFVerify()
#2 /var/www/CuaHangThucPham/system/Filters/Filters.php(173): CodeIgniter\Filters\CSRF->before()
#3 /var/www/CuaHangThucPham/system/CodeIgniter.php(382): CodeIgniter\Filters\Filters->run()
#4 /var/www/CuaHangThucPham/system/CodeIgniter.php(312): CodeIgniter\CodeIgniter->handleRequest()
#5 /var/www/CuaHangThucPham/public/index.php(45): CodeIgniter\CodeIgniter->run()
#6 {main}
CRITICAL - 2021-03-22 04:49:17 --> The action you requested is not allowed.
#0 /var/www/CuaHangThucPham/system/Security/Security.php(233): CodeIgniter\Security\Exceptions\SecurityException::forDisallowedAction()
#1 /var/www/CuaHangThucPham/system/Filters/CSRF.php(88): CodeIgniter\Security\Security->CSRFVerify()
#2 /var/www/CuaHangThucPham/system/Filters/Filters.php(173): CodeIgniter\Filters\CSRF->before()
#3 /var/www/CuaHangThucPham/system/CodeIgniter.php(382): CodeIgniter\Filters\Filters->run()
#4 /var/www/CuaHangThucPham/system/CodeIgniter.php(312): CodeIgniter\CodeIgniter->handleRequest()
#5 /var/www/CuaHangThucPham/public/index.php(45): CodeIgniter\CodeIgniter->run()
#6 {main}
CRITICAL - 2021-03-22 04:49:18 --> The action you requested is not allowed.
#0 /var/www/CuaHangThucPham/system/Security/Security.php(233): CodeIgniter\Security\Exceptions\SecurityException::forDisallowedAction()
#1 /var/www/CuaHangThucPham/system/Filters/CSRF.php(88): CodeIgniter\Security\Security->CSRFVerify()
#2 /var/www/CuaHangThucPham/system/Filters/Filters.php(173): CodeIgniter\Filters\CSRF->before()
#3 /var/www/CuaHangThucPham/system/CodeIgniter.php(382): CodeIgniter\Filters\Filters->run()
#4 /var/www/CuaHangThucPham/system/CodeIgniter.php(312): CodeIgniter\CodeIgniter->handleRequest()
#5 /var/www/CuaHangThucPham/public/index.php(45): CodeIgniter\CodeIgniter->run()
#6 {main}
CRITICAL - 2021-03-22 04:49:18 --> The action you requested is not allowed.
#0 /var/www/CuaHangThucPham/system/Security/Security.php(233): CodeIgniter\Security\Exceptions\SecurityException::forDisallowedAction()
#1 /var/www/CuaHangThucPham/system/Filters/CSRF.php(88): CodeIgniter\Security\Security->CSRFVerify()
#2 /var/www/CuaHangThucPham/system/Filters/Filters.php(173): CodeIgniter\Filters\CSRF->before()
#3 /var/www/CuaHangThucPham/system/CodeIgniter.php(382): CodeIgniter\Filters\Filters->run()
#4 /var/www/CuaHangThucPham/system/CodeIgniter.php(312): CodeIgniter\CodeIgniter->handleRequest()
#5 /var/www/CuaHangThucPham/public/index.php(45): CodeIgniter\CodeIgniter->run()
#6 {main}
CRITICAL - 2021-03-22 04:49:18 --> The action you requested is not allowed.
#0 /var/www/CuaHangThucPham/system/Security/Security.php(233): CodeIgniter\Security\Exceptions\SecurityException::forDisallowedAction()
#1 /var/www/CuaHangThucPham/system/Filters/CSRF.php(88): CodeIgniter\Security\Security->CSRFVerify()
#2 /var/www/CuaHangThucPham/system/Filters/Filters.php(173): CodeIgniter\Filters\CSRF->before()
#3 /var/www/CuaHangThucPham/system/CodeIgniter.php(382): CodeIgniter\Filters\Filters->run()
#4 /var/www/CuaHangThucPham/system/CodeIgniter.php(312): CodeIgniter\CodeIgniter->handleRequest()
#5 /var/www/CuaHangThucPham/public/index.php(45): CodeIgniter\CodeIgniter->run()
#6 {main}
CRITICAL - 2021-03-22 04:49:19 --> The action you requested is not allowed.
#0 /var/www/CuaHangThucPham/system/Security/Security.php(233): CodeIgniter\Security\Exceptions\SecurityException::forDisallowedAction()
#1 /var/www/CuaHangThucPham/system/Filters/CSRF.php(88): CodeIgniter\Security\Security->CSRFVerify()
#2 /var/www/CuaHangThucPham/system/Filters/Filters.php(173): CodeIgniter\Filters\CSRF->before()
#3 /var/www/CuaHangThucPham/system/CodeIgniter.php(382): CodeIgniter\Filters\Filters->run()
#4 /var/www/CuaHangThucPham/system/CodeIgniter.php(312): CodeIgniter\CodeIgniter->handleRequest()
#5 /var/www/CuaHangThucPham/public/index.php(45): CodeIgniter\CodeIgniter->run()
#6 {main}
