CRITICAL - 2021-06-08 07:49:43 --> syntax error, unexpected ')', expecting ';' or ','
#0 /var/www/CuaHangThucPham/system/Autoloader/Autoloader.php(296): CodeIgniter\Autoloader\Autoloader->requireFile()
#1 /var/www/CuaHangThucPham/system/Autoloader/Autoloader.php(258): CodeIgniter\Autoloader\Autoloader->loadInNamespace()
#2 [internal function]: CodeIgniter\Autoloader\Autoloader->loadClass()
#3 [internal function]: spl_autoload_call()
#4 /var/www/CuaHangThucPham/system/CodeIgniter.php(869): class_exists()
#5 /var/www/CuaHangThucPham/system/CodeIgniter.php(394): CodeIgniter\CodeIgniter->startController()
#6 /var/www/CuaHangThucPham/system/CodeIgniter.php(312): CodeIgniter\CodeIgniter->handleRequest()
#7 /var/www/CuaHangThucPham/public/index.php(45): CodeIgniter\CodeIgniter->run()
#8 {main}
CRITICAL - 2021-06-08 15:33:00 --> Class 'Modules\Home\Controllers\BaseController' not found
#0 /var/www/CuaHangThucPham/system/Autoloader/Autoloader.php(365): require_once()
#1 /var/www/CuaHangThucPham/system/Autoloader/Autoloader.php(296): CodeIgniter\Autoloader\Autoloader->requireFile()
#2 /var/www/CuaHangThucPham/system/Autoloader/Autoloader.php(258): CodeIgniter\Autoloader\Autoloader->loadInNamespace()
#3 [internal function]: CodeIgniter\Autoloader\Autoloader->loadClass()
#4 [internal function]: spl_autoload_call()
#5 /var/www/CuaHangThucPham/system/CodeIgniter.php(869): class_exists()
#6 /var/www/CuaHangThucPham/system/CodeIgniter.php(394): CodeIgniter\CodeIgniter->startController()
#7 /var/www/CuaHangThucPham/system/CodeIgniter.php(312): CodeIgniter\CodeIgniter->handleRequest()
#8 /var/www/CuaHangThucPham/public/index.php(45): CodeIgniter\CodeIgniter->run()
#9 {main}
CRITICAL - 2021-06-08 15:33:14 --> Call to undefined method Modules\Home\Controllers\Home::view()
#0 /var/www/CuaHangThucPham/system/CodeIgniter.php(918): Modules\Home\Controllers\Home->index()
#1 /var/www/CuaHangThucPham/system/CodeIgniter.php(404): CodeIgniter\CodeIgniter->runController()
#2 /var/www/CuaHangThucPham/system/CodeIgniter.php(312): CodeIgniter\CodeIgniter->handleRequest()
#3 /var/www/CuaHangThucPham/public/index.php(45): CodeIgniter\CodeIgniter->run()
#4 {main}
CRITICAL - 2021-06-08 15:51:42 --> syntax error, unexpected ';', expecting ')'
#0 /var/www/CuaHangThucPham/system/Autoloader/Autoloader.php(296): CodeIgniter\Autoloader\Autoloader->requireFile()
#1 /var/www/CuaHangThucPham/system/Autoloader/Autoloader.php(258): CodeIgniter\Autoloader\Autoloader->loadInNamespace()
#2 [internal function]: CodeIgniter\Autoloader\Autoloader->loadClass()
#3 [internal function]: spl_autoload_call()
#4 /var/www/CuaHangThucPham/system/CodeIgniter.php(869): class_exists()
#5 /var/www/CuaHangThucPham/system/CodeIgniter.php(394): CodeIgniter\CodeIgniter->startController()
#6 /var/www/CuaHangThucPham/system/CodeIgniter.php(312): CodeIgniter\CodeIgniter->handleRequest()
#7 /var/www/CuaHangThucPham/public/index.php(45): CodeIgniter\CodeIgniter->run()
#8 {main}
CRITICAL - 2021-06-08 15:51:50 --> syntax error, unexpected ';', expecting ')'
#0 /var/www/CuaHangThucPham/system/Autoloader/Autoloader.php(296): CodeIgniter\Autoloader\Autoloader->requireFile()
#1 /var/www/CuaHangThucPham/system/Autoloader/Autoloader.php(258): CodeIgniter\Autoloader\Autoloader->loadInNamespace()
#2 [internal function]: CodeIgniter\Autoloader\Autoloader->loadClass()
#3 [internal function]: spl_autoload_call()
#4 /var/www/CuaHangThucPham/system/CodeIgniter.php(869): class_exists()
#5 /var/www/CuaHangThucPham/system/CodeIgniter.php(394): CodeIgniter\CodeIgniter->startController()
#6 /var/www/CuaHangThucPham/system/CodeIgniter.php(312): CodeIgniter\CodeIgniter->handleRequest()
#7 /var/www/CuaHangThucPham/public/index.php(45): CodeIgniter\CodeIgniter->run()
#8 {main}
CRITICAL - 2021-06-08 16:38:42 --> syntax error, unexpected end of file
#0 /var/www/CuaHangThucPham/system/Common.php(1119): CodeIgniter\View\View->render()
#1 /var/www/CuaHangThucPham/app/Views/template/home.php(789): view()
#2 /var/www/CuaHangThucPham/system/View/View.php(246): include('/var/www/CuaHan...')
#3 /var/www/CuaHangThucPham/system/Common.php(1119): CodeIgniter\View\View->render()
#4 /var/www/CuaHangThucPham/app/Modules/Home/Controllers/BaseController.php(76): view()
#5 /var/www/CuaHangThucPham/app/Modules/Home/Controllers/Home.php(28): Modules\Home\Controllers\BaseController->view()
#6 /var/www/CuaHangThucPham/system/CodeIgniter.php(918): Modules\Home\Controllers\Home->index()
#7 /var/www/CuaHangThucPham/system/CodeIgniter.php(404): CodeIgniter\CodeIgniter->runController()
#8 /var/www/CuaHangThucPham/system/CodeIgniter.php(312): CodeIgniter\CodeIgniter->handleRequest()
#9 /var/www/CuaHangThucPham/public/index.php(45): CodeIgniter\CodeIgniter->run()
#10 {main}
CRITICAL - 2021-06-08 17:05:47 --> Call to a member function add() on null
#0 /var/www/CuaHangThucPham/app/Config/Routes.php(45): require_once()
#1 /var/www/CuaHangThucPham/system/CodeIgniter.php(780): require('/var/www/CuaHan...')
#2 /var/www/CuaHangThucPham/system/CodeIgniter.php(364): CodeIgniter\CodeIgniter->tryToRouteIt()
#3 /var/www/CuaHangThucPham/system/CodeIgniter.php(312): CodeIgniter\CodeIgniter->handleRequest()
#4 /var/www/CuaHangThucPham/public/index.php(45): CodeIgniter\CodeIgniter->run()
#5 {main}
CRITICAL - 2021-06-08 17:06:08 --> syntax error, unexpected '$query' (T_VARIABLE)
#0 /var/www/CuaHangThucPham/system/Autoloader/Autoloader.php(296): CodeIgniter\Autoloader\Autoloader->requireFile()
#1 /var/www/CuaHangThucPham/system/Autoloader/Autoloader.php(258): CodeIgniter\Autoloader\Autoloader->loadInNamespace()
#2 [internal function]: CodeIgniter\Autoloader\Autoloader->loadClass()
#3 /var/www/CuaHangThucPham/app/Modules/Home/Controllers/Home.php(12): spl_autoload_call()
#4 /var/www/CuaHangThucPham/system/CodeIgniter.php(890): Modules\Home\Controllers\Home->__construct()
#5 /var/www/CuaHangThucPham/system/CodeIgniter.php(399): CodeIgniter\CodeIgniter->createController()
#6 /var/www/CuaHangThucPham/system/CodeIgniter.php(312): CodeIgniter\CodeIgniter->handleRequest()
#7 /var/www/CuaHangThucPham/public/index.php(45): CodeIgniter\CodeIgniter->run()
#8 {main}
CRITICAL - 2021-06-08 17:06:27 --> syntax error, unexpected '$query' (T_VARIABLE)
#0 /var/www/CuaHangThucPham/system/Autoloader/Autoloader.php(296): CodeIgniter\Autoloader\Autoloader->requireFile()
#1 /var/www/CuaHangThucPham/system/Autoloader/Autoloader.php(258): CodeIgniter\Autoloader\Autoloader->loadInNamespace()
#2 [internal function]: CodeIgniter\Autoloader\Autoloader->loadClass()
#3 /var/www/CuaHangThucPham/app/Modules/Home/Controllers/Home.php(12): spl_autoload_call()
#4 /var/www/CuaHangThucPham/system/CodeIgniter.php(890): Modules\Home\Controllers\Home->__construct()
#5 /var/www/CuaHangThucPham/system/CodeIgniter.php(399): CodeIgniter\CodeIgniter->createController()
#6 /var/www/CuaHangThucPham/system/CodeIgniter.php(312): CodeIgniter\CodeIgniter->handleRequest()
#7 /var/www/CuaHangThucPham/public/index.php(45): CodeIgniter\CodeIgniter->run()
#8 {main}
CRITICAL - 2021-06-08 17:43:33 --> syntax error, unexpected 'endif' (T_ENDIF), expecting end of file
#0 /var/www/CuaHangThucPham/system/Common.php(1119): CodeIgniter\View\View->render()
#1 /var/www/CuaHangThucPham/app/Views/template/home.php(702): view()
#2 /var/www/CuaHangThucPham/system/View/View.php(246): include('/var/www/CuaHan...')
#3 /var/www/CuaHangThucPham/system/Common.php(1119): CodeIgniter\View\View->render()
#4 /var/www/CuaHangThucPham/app/Modules/Home/Controllers/BaseController.php(76): view()
#5 /var/www/CuaHangThucPham/app/Modules/Home/Controllers/Home.php(51): Modules\Home\Controllers\BaseController->view()
#6 /var/www/CuaHangThucPham/system/CodeIgniter.php(918): Modules\Home\Controllers\Home->product()
#7 /var/www/CuaHangThucPham/system/CodeIgniter.php(404): CodeIgniter\CodeIgniter->runController()
#8 /var/www/CuaHangThucPham/system/CodeIgniter.php(312): CodeIgniter\CodeIgniter->handleRequest()
#9 /var/www/CuaHangThucPham/public/index.php(45): CodeIgniter\CodeIgniter->run()
#10 {main}
